<2023-05-02 00:46:29.572> [INFO] [get_top] Spider start
<2023-05-02 00:46:32.608> [INFO] [get_top] Spider complete. Time cost: 3.0361 secs
<2023-05-02 00:46:47.937> [INFO] [get_top] Spider start
<2023-05-02 00:46:50.767> [INFO] [get_top] Spider complete. Time cost: 2.8304 secs
<2023-05-02 00:47:50.822> [INFO] [get_top] Spider start
<2023-05-02 00:47:53.682> [INFO] [get_top] Spider complete. Time cost: 2.8592 secs
<2023-05-02 00:48:07.450> [INFO] [get_top] Spider start
<2023-05-02 00:48:10.277> [INFO] [get_top] Spider complete. Time cost: 2.8271 secs
<2023-05-02 00:48:16.411> [INFO] [get_top] Spider start
<2023-05-02 00:48:19.362> [INFO] [get_top] Spider complete. Time cost: 2.9501 secs
<2023-05-02 00:52:05.104> [INFO] [get_top] Spider start
<2023-05-02 00:52:07.949> [INFO] [get_top] Spider complete. Time cost: 2.8444 secs
<2023-05-02 00:53:21.486> [INFO] [get_top] Spider start
<2023-05-02 00:53:21.690> [WARN] [get_threads] (340001, '抱歉，该吧内含有大量血腥暴力内容，暂不开放哦'). fname=我是傻逼
<2023-05-02 00:53:21.691> [WARN] [get_threads] (340001, '抱歉，该吧内含有大量血腥暴力内容，暂不开放哦'). fname=我是傻逼
<2023-05-02 00:53:21.696> [WARN] [get_threads] (340001, '抱歉，该吧内含有大量血腥暴力内容，暂不开放哦'). fname=我是傻逼
<2023-05-02 00:53:21.697> [WARN] [get_threads] (340001, '抱歉，该吧内含有大量血腥暴力内容，暂不开放哦'). fname=我是傻逼
<2023-05-02 00:53:21.703> [WARN] [get_threads] (340001, '抱歉，该吧内含有大量血腥暴力内容，暂不开放哦'). fname=我是傻逼
<2023-05-02 00:53:21.705> [WARN] [get_threads] (340001, '抱歉，该吧内含有大量血腥暴力内容，暂不开放哦'). fname=我是傻逼
<2023-05-02 00:53:21.705> [WARN] [get_threads] (340001, '抱歉，该吧内含有大量血腥暴力内容，暂不开放哦'). fname=我是傻逼
<2023-05-02 00:53:21.812> [WARN] [get_threads] (340001, '抱歉，该吧内含有大量血腥暴力内容，暂不开放哦'). fname=我是傻逼
<2023-05-02 00:53:21.824> [WARN] [get_threads] (340001, '抱歉，该吧内含有大量血腥暴力内容，暂不开放哦'). fname=我是傻逼
<2023-05-02 00:53:21.830> [WARN] [get_threads] (340001, '抱歉，该吧内含有大量血腥暴力内容，暂不开放哦'). fname=我是傻逼
<2023-05-02 00:53:21.833> [WARN] [get_threads] (340001, '抱歉，该吧内含有大量血腥暴力内容，暂不开放哦'). fname=我是傻逼
<2023-05-02 00:53:21.836> [WARN] [get_threads] (340001, '抱歉，该吧内含有大量血腥暴力内容，暂不开放哦'). fname=我是傻逼
<2023-05-02 00:53:21.837> [WARN] [get_threads] (340001, '抱歉，该吧内含有大量血腥暴力内容，暂不开放哦'). fname=我是傻逼
<2023-05-02 00:53:21.844> [WARN] [get_threads] (340001, '抱歉，该吧内含有大量血腥暴力内容，暂不开放哦'). fname=我是傻逼
<2023-05-02 00:53:21.845> [WARN] [get_threads] (340001, '抱歉，该吧内含有大量血腥暴力内容，暂不开放哦'). fname=我是傻逼
<2023-05-02 00:53:21.960> [WARN] [get_threads] (340001, '抱歉，该吧内含有大量血腥暴力内容，暂不开放哦'). fname=我是傻逼
<2023-05-02 00:53:21.961> [WARN] [get_threads] (340001, '抱歉，该吧内含有大量血腥暴力内容，暂不开放哦'). fname=我是傻逼
<2023-05-02 00:53:21.967> [WARN] [get_threads] (340001, '抱歉，该吧内含有大量血腥暴力内容，暂不开放哦'). fname=我是傻逼
<2023-05-02 00:53:21.983> [WARN] [get_threads] (340001, '抱歉，该吧内含有大量血腥暴力内容，暂不开放哦'). fname=我是傻逼
<2023-05-02 00:53:21.984> [WARN] [get_threads] (340001, '抱歉，该吧内含有大量血腥暴力内容，暂不开放哦'). fname=我是傻逼
<2023-05-02 00:53:21.985> [WARN] [get_threads] (340001, '抱歉，该吧内含有大量血腥暴力内容，暂不开放哦'). fname=我是傻逼
<2023-05-02 00:53:21.989> [WARN] [get_threads] (340001, '抱歉，该吧内含有大量血腥暴力内容，暂不开放哦'). fname=我是傻逼
<2023-05-02 00:53:22.003> [WARN] [get_threads] (340001, '抱歉，该吧内含有大量血腥暴力内容，暂不开放哦'). fname=我是傻逼
<2023-05-02 00:53:22.099> [WARN] [get_threads] (340001, '抱歉，该吧内含有大量血腥暴力内容，暂不开放哦'). fname=我是傻逼
<2023-05-02 00:53:22.104> [WARN] [get_threads] (340001, '抱歉，该吧内含有大量血腥暴力内容，暂不开放哦'). fname=我是傻逼
<2023-05-02 00:53:22.107> [WARN] [get_threads] (340001, '抱歉，该吧内含有大量血腥暴力内容，暂不开放哦'). fname=我是傻逼
<2023-05-02 00:53:22.123> [WARN] [get_threads] (340001, '抱歉，该吧内含有大量血腥暴力内容，暂不开放哦'). fname=我是傻逼
<2023-05-02 00:53:22.134> [WARN] [get_threads] (340001, '抱歉，该吧内含有大量血腥暴力内容，暂不开放哦'). fname=我是傻逼
<2023-05-02 00:53:22.137> [WARN] [get_threads] (340001, '抱歉，该吧内含有大量血腥暴力内容，暂不开放哦'). fname=我是傻逼
<2023-05-02 00:53:22.153> [WARN] [get_threads] (340001, '抱歉，该吧内含有大量血腥暴力内容，暂不开放哦'). fname=我是傻逼
<2023-05-02 00:53:22.172> [WARN] [get_threads] (340001, '抱歉，该吧内含有大量血腥暴力内容，暂不开放哦'). fname=我是傻逼
<2023-05-02 00:53:22.222> [WARN] [get_threads] (340001, '抱歉，该吧内含有大量血腥暴力内容，暂不开放哦'). fname=我是傻逼
<2023-05-02 00:53:23.250> [INFO] [get_top] Spider complete. Time cost: 1.7645 secs
<2023-05-02 00:53:34.759> [INFO] [get_top] Spider start
<2023-05-02 00:53:37.675> [INFO] [get_top] Spider complete. Time cost: 2.9159 secs
<2023-05-02 00:55:50.440> [INFO] [get_top] Spider start
<2023-05-02 00:55:53.786> [INFO] [get_top] Spider complete. Time cost: 3.3456 secs
<2023-05-02 01:03:16.199> [INFO] [get_top] Spider start
<2023-05-02 01:03:18.998> [INFO] [get_top] Spider complete. Time cost: 2.7992 secs
<2023-05-02 01:05:54.149> [INFO] [get_top] Spider start
<2023-05-02 01:05:57.060> [INFO] [get_top] Spider complete. Time cost: 2.9093 secs
<2023-05-02 01:07:43.593> [INFO] [get_top] Spider start
<2023-05-02 01:07:46.465> [INFO] [get_top] Spider complete. Time cost: 2.8725 secs
<2023-05-02 01:08:05.295> [INFO] [get_top] Spider start
<2023-05-02 01:08:08.072> [INFO] [get_top] Spider complete. Time cost: 2.7771 secs
<2023-05-02 01:09:35.995> [INFO] [get_top] Spider start
<2023-05-02 01:09:38.712> [INFO] [get_top] Spider start
<2023-05-02 01:09:38.792> [INFO] [get_top] Spider complete. Time cost: 2.7965 secs
<2023-05-02 01:09:41.605> [INFO] [get_top] Spider complete. Time cost: 2.8933 secs
<2023-05-02 01:10:22.075> [INFO] [get_top] Spider start
<2023-05-02 01:10:24.959> [INFO] [get_top] Spider complete. Time cost: 2.8827 secs
<2023-05-02 01:15:03.921> [INFO] [get_top] Spider start
<2023-05-02 01:15:06.732> [INFO] [get_top] Spider complete. Time cost: 2.8109 secs
<2023-05-02 01:15:15.696> [INFO] [get_top] Spider start
<2023-05-02 01:15:18.531> [INFO] [get_top] Spider complete. Time cost: 2.8355 secs
<2023-05-02 01:15:25.806> [INFO] [get_top] Spider start
<2023-05-02 01:15:28.797> [INFO] [get_top] Spider complete. Time cost: 2.9917 secs
<2023-05-02 01:15:31.015> [INFO] [get_top] Spider start
<2023-05-02 01:15:33.791> [INFO] [get_top] Spider complete. Time cost: 2.7750 secs
<2023-05-02 01:16:02.579> [INFO] [get_top] Spider start
<2023-05-02 01:16:05.428> [INFO] [get_top] Spider complete. Time cost: 2.8496 secs
<2023-05-02 01:16:12.949> [INFO] [get_top] Spider start
<2023-05-02 01:16:15.824> [INFO] [get_top] Spider complete. Time cost: 2.8753 secs
<2023-05-02 01:17:31.082> [INFO] [get_top] Spider start
<2023-05-02 01:17:33.903> [INFO] [get_top] Spider complete. Time cost: 2.8208 secs
<2023-05-02 01:17:45.065> [INFO] [get_top] Spider start
<2023-05-02 01:17:47.952> [INFO] [get_top] Spider complete. Time cost: 2.8877 secs
<2023-05-02 01:18:34.361> [INFO] [get_top] Spider start
<2023-05-02 01:18:37.353> [INFO] [get_top] Spider complete. Time cost: 2.9836 secs
<2023-05-02 01:21:00.620> [INFO] [get_top] Spider start
<2023-05-02 01:21:03.310> [INFO] [get_top] Spider complete. Time cost: 2.6898 secs
<2023-05-02 01:22:46.376> [INFO] [get_top] Spider start
<2023-05-02 01:22:49.481> [INFO] [get_top] Spider complete. Time cost: 3.1058 secs
<2023-05-02 01:25:16.924> [INFO] [get_top] Spider start
<2023-05-02 01:25:19.781> [INFO] [get_top] Spider complete. Time cost: 2.8566 secs
<2023-05-02 01:26:03.731> [INFO] [get_top] Spider start
<2023-05-02 01:26:06.756> [INFO] [get_top] Spider complete. Time cost: 3.0246 secs
<2023-05-02 01:27:33.582> [INFO] [get_top] Spider start
<2023-05-02 01:27:36.532> [INFO] [get_top] Spider complete. Time cost: 2.9501 secs
<2023-05-02 01:28:15.072> [INFO] [get_top] Spider start
<2023-05-02 01:28:17.822> [INFO] [get_top] Spider complete. Time cost: 2.7494 secs
<2023-05-02 01:28:29.177> [INFO] [get_top] Spider start
<2023-05-02 01:28:32.153> [INFO] [get_top] Spider complete. Time cost: 2.9627 secs
<2023-05-02 01:28:58.143> [INFO] [get_top] Spider start
<2023-05-02 01:29:01.047> [INFO] [get_top] Spider complete. Time cost: 2.9025 secs
<2023-05-02 01:29:44.694> [INFO] [get_top] Spider start
<2023-05-02 01:29:47.359> [INFO] [get_top] Spider complete. Time cost: 2.6637 secs
<2023-05-02 01:30:55.984> [INFO] [get_top] Spider start
<2023-05-02 01:30:58.727> [INFO] [get_top] Spider complete. Time cost: 2.7437 secs
<2023-05-02 01:31:15.920> [INFO] [get_top] Spider start
<2023-05-02 01:31:18.667> [INFO] [get_top] Spider complete. Time cost: 2.7470 secs
<2023-05-02 01:33:17.490> [INFO] [get_top] Spider start
<2023-05-02 01:33:20.399> [INFO] [get_top] Spider complete. Time cost: 2.9065 secs
<2023-05-02 01:33:51.515> [INFO] [get_top] Spider start
<2023-05-02 01:33:54.483> [INFO] [get_top] Spider complete. Time cost: 2.9683 secs
<2023-05-02 01:35:59.844> [INFO] [get_top] Spider start
<2023-05-02 01:36:02.774> [INFO] [get_top] Spider complete. Time cost: 2.9312 secs
<2023-05-02 01:36:27.516> [INFO] [get_top] Spider start
<2023-05-02 01:36:30.428> [INFO] [get_top] Spider complete. Time cost: 2.9130 secs
<2023-05-02 01:43:48.723> [INFO] [get_all_comments] Spider start
<2023-05-02 01:43:51.691> [INFO] [get_all_comments] Spider complete. Time cost: 2.9690 secs
<2023-05-02 01:46:49.946> [INFO] [get_all_comments] Spider start
<2023-05-02 01:46:52.683> [INFO] [get_all_comments] Spider complete. Time cost: 2.7376 secs
<2023-05-02 01:52:04.729> [INFO] [get_top] Spider start
<2023-05-02 01:52:07.629> [INFO] [get_top] Spider complete. Time cost: 2.8950 secs
<2023-05-02 01:55:08.592> [INFO] [get_all_comments] Spider start
<2023-05-02 01:55:11.150> [INFO] [get_all_comments] Spider start
<2023-05-02 01:55:14.639> [INFO] [get_all_comments] Spider complete. Time cost: 6.0461 secs
<2023-05-02 01:55:16.311> [INFO] [get_all_comments] Spider complete. Time cost: 5.1602 secs
<2023-05-02 01:55:34.729> [INFO] [get_all_comments] Spider start
<2023-05-02 01:55:37.522> [INFO] [get_all_comments] Spider complete. Time cost: 2.7937 secs
<2023-05-02 01:55:56.980> [INFO] [get_top] Spider start
<2023-05-02 01:55:59.738> [INFO] [get_top] Spider complete. Time cost: 2.7578 secs
<2023-05-02 01:56:04.148> [INFO] [get_all_comments] Spider start
<2023-05-02 01:56:07.719> [INFO] [get_all_comments] Spider complete. Time cost: 3.5718 secs
<2023-05-02 01:57:40.842> [INFO] [get_top] Spider start
<2023-05-02 01:57:43.693> [INFO] [get_top] Spider complete. Time cost: 2.8524 secs
<2023-05-02 01:57:49.067> [INFO] [get_all_comments] Spider start
<2023-05-02 01:57:52.801> [INFO] [get_all_comments] Spider complete. Time cost: 3.7374 secs
<2023-05-02 02:06:45.288> [INFO] [get_top] Spider start
<2023-05-02 02:06:48.083> [INFO] [get_top] Spider complete. Time cost: 2.7947 secs
<2023-05-02 02:06:53.193> [INFO] [get_all_comments] Spider start
<2023-05-02 02:06:56.397> [INFO] [get_all_comments] Spider complete. Time cost: 3.2067 secs
<2023-05-02 02:07:55.964> [INFO] [get_top] Spider start
<2023-05-02 02:07:58.801> [INFO] [get_top] Spider complete. Time cost: 2.8367 secs
<2023-05-02 02:08:04.809> [INFO] [get_all_comments] Spider start
<2023-05-02 02:08:08.757> [INFO] [get_all_comments] Spider complete. Time cost: 3.9513 secs
<2023-05-02 02:09:59.626> [INFO] [get_all_comments] Spider start
<2023-05-02 02:10:02.632> [INFO] [get_all_comments] Spider start
<2023-05-02 02:10:03.559> [INFO] [get_all_comments] Spider complete. Time cost: 3.9330 secs
<2023-05-02 02:10:06.248> [INFO] [get_all_comments] Spider complete. Time cost: 3.6165 secs
<2023-05-02 02:10:09.370> [INFO] [get_all_comments] Spider start
<2023-05-02 02:10:13.069> [INFO] [get_all_comments] Spider complete. Time cost: 3.6994 secs
<2023-05-02 02:10:19.571> [INFO] [get_all_comments] Spider start
<2023-05-02 02:10:23.323> [INFO] [get_all_comments] Spider complete. Time cost: 3.7518 secs
<2023-05-02 02:10:34.730> [INFO] [get_all_comments] Spider start
<2023-05-02 02:10:38.390> [INFO] [get_all_comments] Spider complete. Time cost: 3.6591 secs
<2023-05-02 02:10:44.235> [INFO] [get_all_comments] Spider start
<2023-05-02 02:10:47.784> [INFO] [get_all_comments] Spider complete. Time cost: 3.5489 secs
<2023-05-02 02:10:58.688> [INFO] [get_all_comments] Spider start
<2023-05-02 02:11:02.508> [INFO] [get_all_comments] Spider complete. Time cost: 3.8189 secs
<2023-05-02 02:12:42.295> [INFO] [get_all_comments] Spider start
<2023-05-02 02:12:45.942> [INFO] [get_all_comments] Spider complete. Time cost: 3.6467 secs
<2023-05-02 02:13:30.516> [INFO] [get_all_comments] Spider start
<2023-05-02 02:13:33.291> [INFO] [get_all_comments] Spider start
<2023-05-02 02:13:34.291> [INFO] [get_all_comments] Spider complete. Time cost: 3.7743 secs
<2023-05-02 02:13:35.435> [INFO] [get_all_comments] Spider start
<2023-05-02 02:13:37.070> [INFO] [get_all_comments] Spider complete. Time cost: 3.7790 secs
<2023-05-02 02:13:39.252> [INFO] [get_all_comments] Spider complete. Time cost: 3.8168 secs
<2023-05-02 02:14:11.043> [INFO] [get_top] Spider start
<2023-05-02 02:14:14.044> [INFO] [get_top] Spider complete. Time cost: 3.0014 secs
<2023-05-02 02:14:20.867> [INFO] [get_all_comments] Spider start
<2023-05-02 02:14:23.965> [INFO] [get_all_comments] Spider complete. Time cost: 3.0986 secs
<2023-05-02 02:15:21.993> [INFO] [get_all_comments] Spider start
<2023-05-02 02:15:24.026> [INFO] [get_all_comments] Spider start
<2023-05-02 02:15:24.883> [INFO] [get_all_comments] Spider complete. Time cost: 2.8904 secs
<2023-05-02 02:15:26.938> [INFO] [get_all_comments] Spider complete. Time cost: 2.9120 secs
<2023-05-02 02:15:33.876> [INFO] [get_all_comments] Spider start
<2023-05-02 02:15:36.799> [INFO] [get_all_comments] Spider complete. Time cost: 2.9235 secs
<2023-05-02 02:19:00.615> [INFO] [get_all_comments] Spider start
<2023-05-02 02:19:03.494> [INFO] [get_all_comments] Spider complete. Time cost: 2.8791 secs
<2023-05-02 02:19:14.376> [INFO] [get_all_comments] Spider start
<2023-05-02 02:19:17.285> [INFO] [get_all_comments] Spider start
<2023-05-02 02:19:17.317> [INFO] [get_all_comments] Spider complete. Time cost: 2.9420 secs
<2023-05-02 02:19:20.125> [INFO] [get_all_comments] Spider complete. Time cost: 2.8393 secs
<2023-05-02 02:19:24.198> [INFO] [get_all_comments] Spider start
<2023-05-02 02:19:27.093> [INFO] [get_all_comments] Spider complete. Time cost: 2.8950 secs
<2023-05-02 02:19:35.904> [INFO] [get_all_comments] Spider start
<2023-05-02 02:19:38.843> [INFO] [get_all_comments] Spider complete. Time cost: 2.9391 secs
<2023-05-02 02:19:39.846> [INFO] [get_all_comments] Spider start
<2023-05-02 02:19:42.659> [INFO] [get_all_comments] Spider complete. Time cost: 2.8142 secs
<2023-05-02 02:22:45.452> [INFO] [get_top] Spider start
<2023-05-02 02:22:48.256> [INFO] [get_top] Spider complete. Time cost: 2.8034 secs
<2023-05-02 02:22:52.593> [INFO] [get_all_comments] Spider start
<2023-05-02 02:22:56.234> [INFO] [get_all_comments] Spider complete. Time cost: 3.6412 secs
<2023-05-02 02:23:51.522> [INFO] [get_top] Spider start
<2023-05-02 02:23:54.722> [INFO] [get_top] Spider complete. Time cost: 3.1997 secs
<2023-05-02 02:23:59.099> [INFO] [get_all_comments] Spider start
<2023-05-02 02:24:01.983> [INFO] [get_all_comments] Spider complete. Time cost: 2.8862 secs
<2023-05-02 02:24:46.258> [INFO] [get_top] Spider start
<2023-05-02 02:24:48.834> [INFO] [get_top] Spider complete. Time cost: 2.5763 secs
<2023-05-02 02:24:52.988> [INFO] [get_all_comments] Spider start
<2023-05-02 02:24:56.711> [INFO] [get_all_comments] Spider complete. Time cost: 3.7252 secs
<2023-05-02 02:25:21.423> [INFO] [get_all_comments] Spider start
<2023-05-02 02:25:25.151> [INFO] [get_all_comments] Spider complete. Time cost: 3.7285 secs
<2023-05-02 02:25:38.142> [INFO] [get_all_comments] Spider start
<2023-05-02 02:25:41.800> [INFO] [get_all_comments] Spider complete. Time cost: 3.6581 secs
<2023-05-02 02:25:45.221> [INFO] [get_all_comments] Spider start
<2023-05-02 02:25:48.900> [INFO] [get_all_comments] Spider complete. Time cost: 3.6798 secs
<2023-05-02 02:26:27.652> [INFO] [get_all_comments] Spider start
<2023-05-02 02:26:31.846> [INFO] [get_all_comments] Spider complete. Time cost: 4.1934 secs
<2023-05-02 02:26:36.215> [INFO] [get_top] Spider start
<2023-05-02 02:26:39.068> [INFO] [get_top] Spider complete. Time cost: 2.8525 secs
<2023-05-02 02:26:43.087> [INFO] [get_all_comments] Spider start
<2023-05-02 02:26:46.966> [INFO] [get_all_comments] Spider complete. Time cost: 3.8800 secs
<2023-05-02 02:26:57.703> [INFO] [get_all_comments] Spider start
<2023-05-02 02:27:01.389> [INFO] [get_all_comments] Spider complete. Time cost: 3.6859 secs
<2023-05-02 02:27:17.451> [INFO] [get_all_comments] Spider start
<2023-05-02 02:27:21.198> [INFO] [get_all_comments] Spider complete. Time cost: 3.7470 secs
<2023-05-02 02:28:14.718> [INFO] [get_all_comments] Spider start
<2023-05-02 02:28:18.441> [INFO] [get_all_comments] Spider complete. Time cost: 3.7216 secs
<2023-05-02 02:28:28.578> [INFO] [get_all_comments] Spider start
<2023-05-02 02:28:32.515> [INFO] [get_all_comments] Spider complete. Time cost: 3.9358 secs
<2023-05-02 02:28:35.415> [INFO] [get_all_comments] Spider start
<2023-05-02 02:28:39.075> [INFO] [get_all_comments] Spider complete. Time cost: 3.6601 secs
<2023-05-02 02:29:00.250> [INFO] [get_all_comments] Spider start
<2023-05-02 02:29:01.812> [INFO] [get_all_comments] Spider start
<2023-05-02 02:29:04.018> [INFO] [get_all_comments] Spider complete. Time cost: 3.7679 secs
<2023-05-02 02:29:05.351> [INFO] [get_all_comments] Spider complete. Time cost: 3.5396 secs
<2023-05-02 02:46:24.833> [INFO] [get_top] Spider start
<2023-05-02 02:46:27.637> [INFO] [get_top] Spider complete. Time cost: 2.8048 secs
<2023-05-02 02:46:31.291> [INFO] [get_all_comments] Spider start
<2023-05-02 02:46:34.085> [INFO] [get_all_comments] Spider complete. Time cost: 2.7910 secs
<2023-05-02 02:52:17.828> [INFO] [get_top] Spider start
<2023-05-02 02:52:20.564> [INFO] [get_top] Spider complete. Time cost: 2.7378 secs
<2023-05-02 02:52:25.483> [INFO] [get_all_comments] Spider start
<2023-05-02 02:52:29.293> [INFO] [get_all_comments] Spider complete. Time cost: 3.8100 secs
<2023-05-02 03:03:06.394> [INFO] [get_top] Spider start
<2023-05-02 03:03:09.274> [INFO] [get_top] Spider complete. Time cost: 2.8746 secs
<2023-05-02 03:03:14.164> [INFO] [get_all_comments] Spider start
<2023-05-02 03:03:22.886> [INFO] [get_all_comments] Spider complete. Time cost: 8.7306 secs
<2023-05-02 03:06:02.886> [INFO] [get_all_comments] Spider start
<2023-05-02 03:06:11.124> [INFO] [get_all_comments] Spider complete. Time cost: 8.2383 secs
<2023-05-02 03:06:41.841> [INFO] [get_top] Spider start
<2023-05-02 03:06:44.643> [INFO] [get_top] Spider complete. Time cost: 2.8028 secs
<2023-05-02 03:06:48.967> [INFO] [get_all_comments] Spider start
<2023-05-02 03:06:57.537> [INFO] [get_all_comments] Spider complete. Time cost: 8.5830 secs
<2023-05-02 03:14:33.439> [INFO] [get_top] Spider start
<2023-05-02 03:14:36.417> [INFO] [get_top] Spider complete. Time cost: 2.9717 secs
<2023-05-02 03:14:41.310> [INFO] [get_all_comments] Spider start
<2023-05-02 03:14:44.332> [INFO] [get_all_comments] Spider complete. Time cost: 3.0212 secs
<2023-05-02 03:15:37.945> [INFO] [get_all_comments] Spider start
<2023-05-02 03:15:40.597> [INFO] [get_all_comments] Spider complete. Time cost: 2.6529 secs
<2023-05-02 03:15:45.568> [INFO] [get_all_comments] Spider start
<2023-05-02 03:15:48.265> [INFO] [get_all_comments] Spider complete. Time cost: 2.6970 secs
<2023-05-02 03:16:03.108> [INFO] [get_top] Spider start
<2023-05-02 03:16:05.910> [INFO] [get_top] Spider complete. Time cost: 2.8018 secs
<2023-05-02 03:16:09.665> [INFO] [get_all_comments] Spider start
<2023-05-02 03:16:12.043> [INFO] [get_all_comments] Spider complete. Time cost: 2.3767 secs
<2023-05-02 03:17:56.941> [INFO] [get_all_comments] Spider start
<2023-05-02 03:17:59.205> [INFO] [get_all_comments] Spider complete. Time cost: 2.2628 secs
<2023-05-02 03:18:09.163> [INFO] [get_all_comments] Spider start
<2023-05-02 03:18:11.281> [INFO] [get_all_comments] Spider complete. Time cost: 2.1176 secs
<2023-05-02 03:18:23.126> [INFO] [get_all_comments] Spider start
<2023-05-02 03:18:25.374> [INFO] [get_all_comments] Spider complete. Time cost: 2.2484 secs
<2023-05-02 03:18:35.188> [INFO] [get_all_comments] Spider start
<2023-05-02 03:18:37.300> [INFO] [get_all_comments] Spider complete. Time cost: 2.1119 secs
<2023-05-02 03:18:46.685> [INFO] [get_all_comments] Spider start
<2023-05-02 03:18:48.808> [INFO] [get_all_comments] Spider complete. Time cost: 2.1230 secs
<2023-05-02 03:19:11.253> [INFO] [get_top] Spider start
<2023-05-02 03:19:13.928> [INFO] [get_top] Spider complete. Time cost: 2.6735 secs
<2023-05-02 03:19:17.181> [INFO] [get_all_comments] Spider start
<2023-05-02 03:19:20.558> [INFO] [get_all_comments] Spider complete. Time cost: 3.3772 secs
<2023-05-02 03:21:56.741> [INFO] [get_all_comments] Spider start
<2023-05-02 03:21:59.784> [INFO] [get_all_comments] Spider complete. Time cost: 3.0438 secs
<2023-05-02 03:22:01.649> [INFO] [get_all_comments] Spider start
<2023-05-02 03:22:04.691> [INFO] [get_all_comments] Spider complete. Time cost: 3.0411 secs
<2023-05-02 03:22:25.146> [INFO] [get_all_comments] Spider start
<2023-05-02 03:22:28.220> [INFO] [get_all_comments] Spider complete. Time cost: 3.0734 secs
<2023-05-02 03:22:30.732> [INFO] [get_all_comments] Spider start
<2023-05-02 03:22:33.777> [INFO] [get_all_comments] Spider complete. Time cost: 3.0461 secs
<2023-05-02 03:22:37.869> [INFO] [get_all_comments] Spider start
<2023-05-02 03:22:40.821> [INFO] [get_all_comments] Spider complete. Time cost: 2.9531 secs
<2023-05-02 03:22:41.449> [INFO] [get_all_comments] Spider start
<2023-05-02 03:22:44.947> [INFO] [get_all_comments] Spider complete. Time cost: 3.4983 secs
<2023-05-02 03:23:07.278> [INFO] [get_all_comments] Spider start
<2023-05-02 03:23:10.381> [INFO] [get_all_comments] Spider complete. Time cost: 3.1022 secs
<2023-05-02 03:23:14.962> [INFO] [get_all_comments] Spider start
<2023-05-02 03:23:17.942> [INFO] [get_all_comments] Spider complete. Time cost: 2.9808 secs
<2023-05-02 03:24:04.279> [INFO] [get_all_comments] Spider start
<2023-05-02 03:24:07.383> [INFO] [get_all_comments] Spider complete. Time cost: 3.1034 secs
<2023-05-02 03:24:07.924> [INFO] [get_all_comments] Spider start
<2023-05-02 03:24:10.916> [INFO] [get_all_comments] Spider complete. Time cost: 2.9918 secs
<2023-05-02 03:24:28.889> [INFO] [get_all_comments] Spider start
<2023-05-02 03:24:32.527> [INFO] [get_all_comments] Spider complete. Time cost: 3.6376 secs
<2023-05-02 03:25:15.285> [INFO] [get_all_comments] Spider start
<2023-05-02 03:25:18.549> [INFO] [get_all_comments] Spider complete. Time cost: 3.2644 secs
<2023-05-02 03:25:37.769> [INFO] [get_all_comments] Spider start
<2023-05-02 03:25:40.814> [INFO] [get_all_comments] Spider complete. Time cost: 3.0457 secs
<2023-05-02 03:26:28.453> [INFO] [get_top] Spider start
<2023-05-02 03:26:31.230> [INFO] [get_top] Spider complete. Time cost: 2.7783 secs
<2023-05-02 03:26:34.736> [INFO] [get_all_comments] Spider start
<2023-05-02 03:26:37.529> [INFO] [get_all_comments] Spider complete. Time cost: 2.7949 secs
<2023-05-02 03:26:53.210> [INFO] [get_all_comments] Spider start
<2023-05-02 03:26:54.448> [INFO] [get_all_comments] Spider start
<2023-05-02 03:26:55.634> [INFO] [get_all_comments] Spider complete. Time cost: 2.4246 secs
<2023-05-02 03:26:56.830> [INFO] [get_all_comments] Spider complete. Time cost: 2.3811 secs
<2023-05-02 03:27:02.162> [INFO] [get_all_comments] Spider start
<2023-05-02 03:27:04.818> [INFO] [get_all_comments] Spider complete. Time cost: 2.6559 secs
<2023-05-02 03:27:08.215> [INFO] [get_all_comments] Spider start
<2023-05-02 03:27:10.662> [INFO] [get_all_comments] Spider complete. Time cost: 2.4476 secs
<2023-05-02 03:27:24.760> [INFO] [get_all_comments] Spider start
<2023-05-02 03:27:27.356> [INFO] [get_all_comments] Spider complete. Time cost: 2.5959 secs
<2023-05-02 03:27:41.145> [INFO] [get_all_comments] Spider start
<2023-05-02 03:27:43.642> [INFO] [get_all_comments] Spider complete. Time cost: 2.4967 secs
<2023-05-02 03:27:58.480> [INFO] [get_top] Spider start
<2023-05-02 03:28:01.192> [INFO] [get_top] Spider complete. Time cost: 2.7125 secs
<2023-05-02 03:28:04.763> [INFO] [get_all_comments] Spider start
<2023-05-02 03:28:07.071> [INFO] [get_all_comments] Spider complete. Time cost: 2.3080 secs
<2023-05-02 03:29:11.024> [INFO] [get_top] Spider start
<2023-05-02 03:29:13.846> [INFO] [get_top] Spider complete. Time cost: 2.8218 secs
<2023-05-02 03:29:18.829> [INFO] [get_all_comments] Spider start
<2023-05-02 03:29:22.056> [INFO] [get_all_comments] Spider complete. Time cost: 3.2272 secs
<2023-05-02 03:29:35.580> [INFO] [get_all_comments] Spider start
<2023-05-02 03:29:38.715> [INFO] [get_all_comments] Spider complete. Time cost: 3.1341 secs
<2023-05-02 03:30:06.790> [INFO] [get_all_comments] Spider start
<2023-05-02 03:30:09.989> [INFO] [get_all_comments] Spider complete. Time cost: 3.1995 secs
<2023-05-02 03:30:23.899> [INFO] [get_all_comments] Spider start
<2023-05-02 03:30:27.177> [INFO] [get_all_comments] Spider complete. Time cost: 3.2773 secs
<2023-05-02 03:30:48.390> [INFO] [get_all_comments] Spider start
<2023-05-02 03:30:51.692> [INFO] [get_all_comments] Spider complete. Time cost: 3.3024 secs
<2023-05-02 03:31:03.208> [INFO] [get_all_comments] Spider start
<2023-05-02 03:31:06.377> [INFO] [get_all_comments] Spider complete. Time cost: 3.1695 secs
<2023-05-02 03:31:47.432> [INFO] [get_all_comments] Spider start
<2023-05-02 03:31:49.348> [INFO] [get_all_comments] Spider start
<2023-05-02 03:31:50.514> [INFO] [get_all_comments] Spider complete. Time cost: 3.0823 secs
<2023-05-02 03:31:52.554> [INFO] [get_all_comments] Spider complete. Time cost: 3.2055 secs
<2023-05-02 03:32:28.726> [INFO] [get_all_comments] Spider start
<2023-05-02 03:32:32.316> [INFO] [get_all_comments] Spider complete. Time cost: 3.5896 secs
<2023-05-02 03:33:15.314> [INFO] [get_all_comments] Spider start
<2023-05-02 03:33:17.244> [INFO] [get_all_comments] Spider start
<2023-05-02 03:33:18.570> [INFO] [get_all_comments] Spider complete. Time cost: 3.2559 secs
<2023-05-02 03:33:20.778> [INFO] [get_all_comments] Spider complete. Time cost: 3.5348 secs
<2023-05-02 03:33:32.272> [INFO] [get_all_comments] Spider start
<2023-05-02 03:33:35.672> [INFO] [get_all_comments] Spider complete. Time cost: 3.4003 secs
<2023-05-02 03:34:38.829> [INFO] [get_all_comments] Spider start
<2023-05-02 03:34:41.946> [INFO] [get_all_comments] Spider complete. Time cost: 3.1175 secs
<2023-05-02 03:35:04.858> [INFO] [get_all_comments] Spider start
<2023-05-02 03:35:08.033> [INFO] [get_all_comments] Spider complete. Time cost: 3.1759 secs
<2023-05-02 03:35:52.436> [INFO] [get_top] Spider start
<2023-05-02 03:35:55.346> [INFO] [get_top] Spider complete. Time cost: 2.9096 secs
<2023-05-02 03:36:17.993> [INFO] [get_all_comments] Spider start
<2023-05-02 03:36:26.312> [INFO] [get_all_comments] Spider complete. Time cost: 8.3188 secs
<2023-05-02 03:37:17.479> [INFO] [get_all_comments] Spider start
<2023-05-02 03:37:25.927> [INFO] [get_all_comments] Spider complete. Time cost: 8.4482 secs
<2023-05-02 03:38:23.199> [INFO] [get_all_comments] Spider start
<2023-05-02 03:38:31.612> [INFO] [get_all_comments] Spider complete. Time cost: 8.4143 secs
<2023-05-02 03:38:46.031> [INFO] [get_all_comments] Spider start
<2023-05-02 03:38:54.760> [INFO] [get_all_comments] Spider complete. Time cost: 8.7282 secs
<2023-05-02 03:39:31.303> [INFO] [get_all_comments] Spider start
<2023-05-02 03:39:39.488> [INFO] [get_all_comments] Spider complete. Time cost: 8.1850 secs
<2023-05-02 03:39:53.513> [INFO] [get_all_comments] Spider start
<2023-05-02 03:40:01.730> [INFO] [get_all_comments] Spider complete. Time cost: 8.2165 secs
<2023-05-02 03:40:19.708> [INFO] [get_all_comments] Spider start
<2023-05-02 03:40:27.970> [INFO] [get_all_comments] Spider complete. Time cost: 8.2616 secs
<2023-05-02 03:51:14.062> [INFO] [get_top] Spider start
<2023-05-02 03:51:17.101> [INFO] [get_top] Spider complete. Time cost: 3.0407 secs
<2023-05-02 03:51:22.353> [INFO] [get_all_comments] Spider start
<2023-05-02 03:51:24.749> [INFO] [get_all_comments] Spider complete. Time cost: 2.3961 secs
<2023-05-02 03:55:47.439> [INFO] [get_top] Spider start
<2023-05-02 03:55:50.311> [INFO] [get_top] Spider complete. Time cost: 2.8707 secs
<2023-05-02 03:55:54.435> [INFO] [get_all_comments] Spider start
<2023-05-02 03:55:58.560> [INFO] [get_all_comments] Spider complete. Time cost: 4.1266 secs
<2023-05-02 03:56:53.766> [INFO] [get_all_comments] Spider start
<2023-05-02 03:56:57.772> [INFO] [get_all_comments] Spider complete. Time cost: 4.0060 secs
<2023-05-02 03:57:14.931> [INFO] [get_all_comments] Spider start
<2023-05-02 03:57:18.854> [INFO] [get_all_comments] Spider complete. Time cost: 3.9222 secs
<2023-05-02 03:57:28.884> [INFO] [get_all_comments] Spider start
<2023-05-02 03:57:32.977> [INFO] [get_all_comments] Spider complete. Time cost: 4.0924 secs
<2023-05-02 03:58:07.004> [INFO] [get_all_comments] Spider start
<2023-05-02 03:58:10.980> [INFO] [get_all_comments] Spider complete. Time cost: 3.9762 secs
<2023-05-02 03:58:38.520> [INFO] [get_all_comments] Spider start
<2023-05-02 03:58:42.374> [INFO] [get_all_comments] Spider complete. Time cost: 3.8539 secs
<2023-05-02 03:58:43.803> [INFO] [get_all_comments] Spider start
<2023-05-02 03:58:47.818> [INFO] [get_all_comments] Spider complete. Time cost: 4.0146 secs
<2023-05-02 03:58:51.462> [INFO] [get_all_comments] Spider start
<2023-05-02 03:58:55.314> [INFO] [get_all_comments] Spider complete. Time cost: 3.8528 secs
<2023-05-02 04:04:53.327> [INFO] [get_top] Spider start
<2023-05-02 04:04:56.419> [INFO] [get_top] Spider complete. Time cost: 3.0920 secs
<2023-05-02 04:05:00.435> [INFO] [get_all_comments] Spider start
<2023-05-02 04:05:02.917> [INFO] [get_all_comments] Spider complete. Time cost: 2.4826 secs
<2023-05-02 04:08:52.637> [INFO] [get_top] Spider start
<2023-05-02 04:08:55.430> [INFO] [get_top] Spider complete. Time cost: 2.7926 secs
<2023-05-02 04:08:59.141> [INFO] [get_all_comments] Spider start
<2023-05-02 04:09:03.076> [INFO] [get_all_comments] Spider complete. Time cost: 3.9366 secs
<2023-05-02 04:09:09.604> [INFO] [get_all_comments] Spider start
<2023-05-02 04:09:13.429> [INFO] [get_all_comments] Spider complete. Time cost: 3.8245 secs
<2023-05-02 04:11:01.195> [INFO] [get_top] Spider start
<2023-05-02 04:11:04.221> [INFO] [get_top] Spider complete. Time cost: 3.0239 secs
<2023-05-02 04:11:13.945> [INFO] [get_top] Spider start
<2023-05-02 04:11:16.699> [INFO] [get_top] Spider complete. Time cost: 2.7537 secs
<2023-05-02 04:11:21.305> [INFO] [get_all_comments] Spider start
<2023-05-02 04:11:26.516> [INFO] [get_all_comments] Spider complete. Time cost: 5.2109 secs
<2023-05-02 04:19:55.527> [INFO] [get_top] Spider start
<2023-05-02 04:19:58.387> [INFO] [get_top] Spider complete. Time cost: 2.8589 secs
<2023-05-02 04:20:02.539> [INFO] [get_all_comments] Spider start
<2023-05-02 04:20:04.740> [INFO] [get_all_comments] Spider complete. Time cost: 2.1999 secs
<2023-05-02 04:42:35.403> [INFO] [get_top] Spider start
<2023-05-02 04:42:38.261> [INFO] [get_top] Spider complete. Time cost: 2.8580 secs
<2023-05-02 04:42:47.657> [INFO] [get_all_comments] Spider start
<2023-05-02 04:42:50.122> [INFO] [get_all_comments] Spider complete. Time cost: 2.4604 secs
<2023-05-02 05:43:32.129> [WARN] [_get_uinfo_user_json] (302, 'Found'). user_name=admintest12345
<2023-05-02 05:43:42.326> [INFO] [get_top] Spider start
<2023-05-02 05:43:45.453> [INFO] [get_top] Spider complete. Time cost: 3.1280 secs
<2023-05-02 05:43:52.802> [INFO] [get_all_comments] Spider start
<2023-05-02 05:43:55.401> [INFO] [get_all_comments] Spider complete. Time cost: 2.5970 secs
<2023-05-02 05:44:40.985> [INFO] [get_top] Spider start
<2023-05-02 05:44:43.862> [INFO] [get_top] Spider complete. Time cost: 2.8740 secs
<2023-05-02 05:44:48.631> [INFO] [get_all_comments] Spider start
<2023-05-02 05:44:51.010> [INFO] [get_all_comments] Spider complete. Time cost: 2.3701 secs
<2023-05-02 15:57:09.369> [INFO] [get_top] Spider start
<2023-05-02 15:57:12.265> [INFO] [get_top] Spider complete. Time cost: 2.8948 secs
<2023-05-02 15:57:37.455> [INFO] [get_all_comments] Spider start
<2023-05-02 15:57:40.169> [INFO] [get_all_comments] Spider complete. Time cost: 2.7020 secs
<2023-05-02 16:27:12.512> [INFO] [get_top] Spider start
<2023-05-02 16:27:15.425> [INFO] [get_top] Spider complete. Time cost: 2.9116 secs
<2023-05-02 16:27:18.013> [INFO] [get_all_comments] Spider start
<2023-05-02 16:27:20.273> [INFO] [get_all_comments] Spider complete. Time cost: 2.2594 secs
